<?xml version="1.0" encoding="UTF-8"?>
<!-- Generated by org.testng.reporters.JUnitXMLReporter -->
<testsuite hostname="ADMIN" ignored="0" name="TC0011_DataProviderConcept" tests="2" failures="0" timestamp="25 Nov 2020 15:29:58 GMT" time="0.008" errors="0">
  <testcase name="cumtomerDetailsTest" time="0.0" classname="regressionSuite.TC0011_DataProviderConcept"/>
  <testcase name="cumtomerDetailsTest" time="0.001" classname="regressionSuite.TC0011_DataProviderConcept"/>
</testsuite> <!-- TC0011_DataProviderConcept -->
