<?xml version="1.0" encoding="UTF-8"?>
<!-- Generated by org.testng.reporters.JUnitXMLReporter -->
<testsuite hostname="ADMIN" ignored="0" name="TC003_dependsOnMethod" tests="3" failures="1" timestamp="25 Nov 2020 15:29:58 GMT" time="0.011" errors="0">
  <testcase name="login" time="0.004" classname="smokeSuite.TC003_dependsOnMethod">
    <failure type="java.lang.AssertionError" message="expected [true] but found [false]">
      <![CDATA[java.lang.AssertionError: expected [true] but found [false]
at smokeSuite.TC003_dependsOnMethod.login(TC003_dependsOnMethod.java:11)
... Removed 30 stack frames]]>
    </failure>
  </testcase> <!-- login -->
  <testcase name="bookingTickets" time="0.001" classname="smokeSuite.TC003_dependsOnMethod"/>
  <testcase name="logOut" time="0.0" classname="smokeSuite.TC003_dependsOnMethod">
    <skipped/>
  </testcase> <!-- logOut -->
</testsuite> <!-- TC003_dependsOnMethod -->
