<?xml version="1.0" encoding="UTF-8"?>
<!-- Generated by org.testng.reporters.JUnitXMLReporter -->
<testsuite hostname="ADMIN" ignored="0" name="TC005_LoginSurveyMonkeyApplication" tests="2" failures="0" timestamp="25 Nov 2020 15:30:33 GMT" time="35.266" errors="0">
  <testcase name="invokeAppln" time="22.437" classname="smokeSuite.TC005_LoginSurveyMonkeyApplication"/>
  <testcase name="loginIntoApplication" time="12.825" classname="smokeSuite.TC005_LoginSurveyMonkeyApplication"/>
</testsuite> <!-- TC005_LoginSurveyMonkeyApplication -->
