<?xml version="1.0" encoding="UTF-8"?>
<!-- Generated by org.testng.reporters.JUnitXMLReporter -->
<testsuite hostname="ADMIN" ignored="0" name=" DataProviderConceptTest" tests="2" failures="0" timestamp="25 Nov 2020 13:48:39 GMT" time="0.037" errors="0">
  <testcase name="cumtomerDetailsTest" time="0.009" classname="testNgConcept.TC0011_DataProviderConcept"/>
  <testcase name="cumtomerDetailsTest" time="0.001" classname="testNgConcept.TC0011_DataProviderConcept"/>
</testsuite> <!--  DataProviderConceptTest -->
