<?xml version="1.0" encoding="UTF-8"?>
<!-- Generated by org.testng.reporters.JUnitXMLReporter -->
<testsuite hostname="ADMIN" ignored="0" name="C0010_InvocationCount" tests="10" failures="0" timestamp="25 Nov 2020 16:31:18 GMT" time="0.034" errors="0">
  <testcase name="login" time="0.001" classname="parallelexecution.TC0010_InvocationCount"/>
  <testcase name="login" time="0.003" classname="parallelexecution.TC0010_InvocationCount"/>
  <testcase name="login" time="0.006" classname="parallelexecution.TC0010_InvocationCount"/>
  <testcase name="login" time="0.001" classname="parallelexecution.TC0010_InvocationCount"/>
  <testcase name="login" time="0.0" classname="parallelexecution.TC0010_InvocationCount"/>
  <testcase name="login" time="0.001" classname="parallelexecution.TC0010_InvocationCount"/>
  <testcase name="login" time="0.0" classname="parallelexecution.TC0010_InvocationCount"/>
  <testcase name="login" time="0.001" classname="parallelexecution.TC0010_InvocationCount"/>
  <testcase name="login" time="0.001" classname="parallelexecution.TC0010_InvocationCount"/>
  <testcase name="login" time="0.001" classname="parallelexecution.TC0010_InvocationCount"/>
</testsuite> <!-- C0010_InvocationCount -->
