<?xml version="1.0" encoding="UTF-8"?>
<!-- Generated by org.testng.reporters.JUnitXMLReporter -->
<testsuite hostname="ADMIN" ignored="0" name="InvocationCount Test" tests="10" failures="0" timestamp="25 Nov 2020 13:48:39 GMT" time="0.018" errors="0">
  <testcase name="login" time="0.0" classname="testNgConcept.TC0010_InvocationCount"/>
  <testcase name="login" time="0.001" classname="testNgConcept.TC0010_InvocationCount"/>
  <testcase name="login" time="0.0" classname="testNgConcept.TC0010_InvocationCount"/>
  <testcase name="login" time="0.001" classname="testNgConcept.TC0010_InvocationCount"/>
  <testcase name="login" time="0.001" classname="testNgConcept.TC0010_InvocationCount"/>
  <testcase name="login" time="0.001" classname="testNgConcept.TC0010_InvocationCount"/>
  <testcase name="login" time="0.001" classname="testNgConcept.TC0010_InvocationCount"/>
  <testcase name="login" time="0.001" classname="testNgConcept.TC0010_InvocationCount"/>
  <testcase name="login" time="0.001" classname="testNgConcept.TC0010_InvocationCount"/>
  <testcase name="login" time="0.0" classname="testNgConcept.TC0010_InvocationCount"/>
</testsuite> <!-- InvocationCount Test -->
