<?xml version="1.0" encoding="UTF-8"?>
<!-- Generated by org.testng.reporters.JUnitXMLReporter -->
<testsuite hostname="ADMIN" ignored="0" name="TC002_Testcasespriority" tests="3" failures="0" timestamp="25 Nov 2020 16:34:41 GMT" time="0.04" errors="0">
  <testcase name="login" time="0.013" classname="parallelexecution.TC002_Testcasespriority"/>
  <testcase name="bookingTickets" time="0.001" classname="parallelexecution.TC002_Testcasespriority"/>
  <testcase name="logOut" time="0.004" classname="parallelexecution.TC002_Testcasespriority"/>
</testsuite> <!-- TC002_Testcasespriority -->
