<?xml version="1.0" encoding="UTF-8"?>
<!-- Generated by org.testng.reporters.JUnitXMLReporter -->
<testsuite hostname="ADMIN" ignored="0" name="TC005_LoginSurveyMonkeyApplication" tests="2" failures="0" timestamp="25 Nov 2020 16:34:59 GMT" time="17.572" errors="0">
  <testcase name="invokeAppln" time="11.992" classname="parallelexecution.TC005_LoginSurveyMonkeyApplication"/>
  <testcase name="loginIntoApplication" time="5.559" classname="parallelexecution.TC005_LoginSurveyMonkeyApplication"/>
</testsuite> <!-- TC005_LoginSurveyMonkeyApplication -->
