<?xml version="1.0" encoding="UTF-8"?>
<!-- Generated by org.testng.reporters.JUnitXMLReporter -->
<testsuite hostname="ADMIN" ignored="0" name="TC008_LoginTest" tests="5" failures="0" timestamp="25 Nov 2020 16:35:56 GMT" time="74.339" errors="0">
  <testcase name="signUpLinkTest" time="0.173" classname="parallelexecution.TC008_LoginTest"/>
  <testcase name="pageTitleTest" time="0.035" classname="parallelexecution.TC008_LoginTest"/>
  <testcase name="loginTest" time="6.087" classname="parallelexecution.TC008_LoginTest"/>
  <testcase name="forgotUsernameAndPasswordTest" time="0.089" classname="parallelexecution.TC008_LoginTest"/>
  <testcase name="loginWithSSOTest" time="0.068" classname="parallelexecution.TC008_LoginTest"/>
</testsuite> <!-- TC008_LoginTest -->
