<?xml version="1.0" encoding="UTF-8"?>
<testng-results skipped="0" failed="0" ignored="0" total="1" passed="1">
  <reporter-output>
  </reporter-output>
  <suite name="Default suite" duration-ms="13946" started-at="2020-11-30T01:09:15Z" finished-at="2020-11-30T01:09:29Z">
    <groups>
    </groups>
    <test name="Default test" duration-ms="13946" started-at="2020-11-30T01:09:15Z" finished-at="2020-11-30T01:09:29Z">
      <class name="testNgConcept.TC0013_PropertiesConcept">
        <test-method status="PASS" signature="setup()[pri:0, instance:testNgConcept.TC0013_PropertiesConcept@59f99ea]" name="setup" duration-ms="13925" started-at="2020-11-30T01:09:15Z" finished-at="2020-11-30T01:09:29Z">
          <reporter-output>
          </reporter-output>
        </test-method> <!-- setup -->
      </class> <!-- testNgConcept.TC0013_PropertiesConcept -->
    </test> <!-- Default test -->
  </suite> <!-- Default suite -->
</testng-results>
